

*******************************************************************************
Thu Dec 29 19:57:05 2022


FIT:    data read from "data/corr_uniform_0.2"
        format = z
        #datapoints = 42
        residuals are weighted equally (unit weight)

function used for fitting: f(x)
	f(x) = m * x + c
fitted parameters initialized with current variable values

iter      chisq       delta/lim  lambda   m             c            
   0 8.7179843875e+02   0.00e+00  2.65e+00    1.000000e+00   1.000000e+00
   4 1.4337562863e-05  -8.40e-02  2.65e-04    1.009531e-03   1.262233e-02

After 4 iterations the fit converged.
final sum of squares of residuals : 1.43376e-05
rel. change during last iteration : -8.40461e-07

degrees of freedom    (FIT_NDF)                        : 40
rms of residuals      (FIT_STDFIT) = sqrt(WSSR/ndf)    : 0.000598698
variance of residuals (reduced chisquare) = WSSR/ndf   : 3.58439e-07

Final set of parameters            Asymptotic Standard Error
=======================            ==========================
m               = 0.00100953       +/- 8.612e-05    (8.531%)
c               = 0.0126223        +/- 0.0003107    (2.461%)

correlation matrix of the fit parameters:
                m      c      
m               1.000 
c              -0.955  1.000 


*******************************************************************************
Thu Dec 29 19:57:13 2022


FIT:    data read from "data/corr_uniform_0.5"
        format = z
        #datapoints = 42
        residuals are weighted equally (unit weight)

function used for fitting: f(x)
	f(x) = m * x + c
fitted parameters initialized with current variable values

iter      chisq       delta/lim  lambda   m             c            
   0 2.7019230780e-01   0.00e+00  9.29e-03    1.009531e-03   1.262233e-02
   4 7.7356978224e-05  -4.36e-06  9.29e-07    6.323150e-03   7.431338e-02

After 4 iterations the fit converged.
final sum of squares of residuals : 7.7357e-05
rel. change during last iteration : -4.36256e-11

degrees of freedom    (FIT_NDF)                        : 40
rms of residuals      (FIT_STDFIT) = sqrt(WSSR/ndf)    : 0.00139066
variance of residuals (reduced chisquare) = WSSR/ndf   : 1.93392e-06

Final set of parameters            Asymptotic Standard Error
=======================            ==========================
m               = 0.00632315       +/- 0.0002       (3.164%)
c               = 0.0743134        +/- 0.0007216    (0.9711%)

correlation matrix of the fit parameters:
                m      c      
m               1.000 
c              -0.955  1.000 


*******************************************************************************
Thu Dec 29 20:00:05 2022


FIT:    data read from "data/corr_uniform_0.2"
        format = z
        #datapoints = 42
        residuals are weighted equally (unit weight)

function used for fitting: f(x)
	f(x) = m * x + c
fitted parameters initialized with current variable values

iter      chisq       delta/lim  lambda   m             c            
   0 2.7012928838e-01   0.00e+00  5.50e-02    6.323150e-03   7.431338e-02
   4 1.4337562863e-05  -1.29e-05  5.50e-06    1.009531e-03   1.262233e-02

After 4 iterations the fit converged.
final sum of squares of residuals : 1.43376e-05
rel. change during last iteration : -1.28958e-10

degrees of freedom    (FIT_NDF)                        : 40
rms of residuals      (FIT_STDFIT) = sqrt(WSSR/ndf)    : 0.000598698
variance of residuals (reduced chisquare) = WSSR/ndf   : 3.58439e-07

Final set of parameters            Asymptotic Standard Error
=======================            ==========================
m               = 0.00100953       +/- 8.612e-05    (8.531%)
c               = 0.0126223        +/- 0.0003107    (2.461%)

correlation matrix of the fit parameters:
                m      c      
m               1.000 
c              -0.955  1.000 


*******************************************************************************
Thu Dec 29 20:00:49 2022


FIT:    data read from "data/corr_uniform_0.5"
        format = z
        #datapoints = 42
        residuals are weighted equally (unit weight)

function used for fitting: f(x)
	f(x) = m * x + c
fitted parameters initialized with current variable values

iter      chisq       delta/lim  lambda   m             c            
   0 2.7019230780e-01   0.00e+00  9.29e-03    1.009531e-03   1.262233e-02
   4 7.7356978224e-05  -4.36e-06  9.29e-07    6.323150e-03   7.431338e-02

After 4 iterations the fit converged.
final sum of squares of residuals : 7.7357e-05
rel. change during last iteration : -4.36268e-11

degrees of freedom    (FIT_NDF)                        : 40
rms of residuals      (FIT_STDFIT) = sqrt(WSSR/ndf)    : 0.00139066
variance of residuals (reduced chisquare) = WSSR/ndf   : 1.93392e-06

Final set of parameters            Asymptotic Standard Error
=======================            ==========================
m               = 0.00632315       +/- 0.0002       (3.164%)
c               = 0.0743134        +/- 0.0007216    (0.9711%)

correlation matrix of the fit parameters:
                m      c      
m               1.000 
c              -0.955  1.000 


*******************************************************************************
Thu Dec 29 20:00:52 2022


FIT:    data read from "data/corr_uniform_0.2"
        format = z
        #datapoints = 42
        residuals are weighted equally (unit weight)

function used for fitting: f(x)
	f(x) = m * x + c
fitted parameters initialized with current variable values

iter      chisq       delta/lim  lambda   m             c            
   0 2.7012928838e-01   0.00e+00  5.50e-02    6.323150e-03   7.431338e-02
   4 1.4337562863e-05  -1.29e-05  5.50e-06    1.009531e-03   1.262233e-02

After 4 iterations the fit converged.
final sum of squares of residuals : 1.43376e-05
rel. change during last iteration : -1.28958e-10

degrees of freedom    (FIT_NDF)                        : 40
rms of residuals      (FIT_STDFIT) = sqrt(WSSR/ndf)    : 0.000598698
variance of residuals (reduced chisquare) = WSSR/ndf   : 3.58439e-07

Final set of parameters            Asymptotic Standard Error
=======================            ==========================
m               = 0.00100953       +/- 8.612e-05    (8.531%)
c               = 0.0126223        +/- 0.0003107    (2.461%)

correlation matrix of the fit parameters:
                m      c      
m               1.000 
c              -0.955  1.000 


*******************************************************************************
Thu Dec 29 20:00:56 2022


FIT:    data read from "data/corr_uniform_0.5"
        format = z
        #datapoints = 42
        residuals are weighted equally (unit weight)

function used for fitting: f(x)
	f(x) = m * x + c
fitted parameters initialized with current variable values

iter      chisq       delta/lim  lambda   m             c            
   0 2.7019230780e-01   0.00e+00  9.29e-03    1.009531e-03   1.262233e-02
   4 7.7356978224e-05  -4.36e-06  9.29e-07    6.323150e-03   7.431338e-02

After 4 iterations the fit converged.
final sum of squares of residuals : 7.7357e-05
rel. change during last iteration : -4.36249e-11

degrees of freedom    (FIT_NDF)                        : 40
rms of residuals      (FIT_STDFIT) = sqrt(WSSR/ndf)    : 0.00139066
variance of residuals (reduced chisquare) = WSSR/ndf   : 1.93392e-06

Final set of parameters            Asymptotic Standard Error
=======================            ==========================
m               = 0.00632315       +/- 0.0002       (3.164%)
c               = 0.0743134        +/- 0.0007216    (0.9711%)

correlation matrix of the fit parameters:
                m      c      
m               1.000 
c              -0.955  1.000 


*******************************************************************************
Thu Dec 29 20:00:57 2022


FIT:    data read from "data/corr_uniform_0.2"
        format = z
        #datapoints = 42
        residuals are weighted equally (unit weight)

function used for fitting: f(x)
	f(x) = m * x + c
fitted parameters initialized with current variable values

iter      chisq       delta/lim  lambda   m             c            
   0 2.7012928838e-01   0.00e+00  5.50e-02    6.323150e-03   7.431338e-02
   4 1.4337562863e-05  -1.29e-05  5.50e-06    1.009531e-03   1.262233e-02

After 4 iterations the fit converged.
final sum of squares of residuals : 1.43376e-05
rel. change during last iteration : -1.28958e-10

degrees of freedom    (FIT_NDF)                        : 40
rms of residuals      (FIT_STDFIT) = sqrt(WSSR/ndf)    : 0.000598698
variance of residuals (reduced chisquare) = WSSR/ndf   : 3.58439e-07

Final set of parameters            Asymptotic Standard Error
=======================            ==========================
m               = 0.00100953       +/- 8.612e-05    (8.531%)
c               = 0.0126223        +/- 0.0003107    (2.461%)

correlation matrix of the fit parameters:
                m      c      
m               1.000 
c              -0.955  1.000 


*******************************************************************************
Thu Dec 29 20:01:18 2022


FIT:    data read from "data/corr_uniform_0.5"
        format = z
        #datapoints = 42
        residuals are weighted equally (unit weight)

function used for fitting: f(x)
	f(x) = m * x + c
fitted parameters initialized with current variable values

iter      chisq       delta/lim  lambda   m             c            
   0 2.7019230780e-01   0.00e+00  9.29e-03    1.009531e-03   1.262233e-02
   4 7.7356978224e-05  -4.36e-06  9.29e-07    6.323150e-03   7.431338e-02

After 4 iterations the fit converged.
final sum of squares of residuals : 7.7357e-05
rel. change during last iteration : -4.36266e-11

degrees of freedom    (FIT_NDF)                        : 40
rms of residuals      (FIT_STDFIT) = sqrt(WSSR/ndf)    : 0.00139066
variance of residuals (reduced chisquare) = WSSR/ndf   : 1.93392e-06

Final set of parameters            Asymptotic Standard Error
=======================            ==========================
m               = 0.00632315       +/- 0.0002       (3.164%)
c               = 0.0743134        +/- 0.0007216    (0.9711%)

correlation matrix of the fit parameters:
                m      c      
m               1.000 
c              -0.955  1.000 


*******************************************************************************
Thu Dec 29 20:41:21 2022


FIT:    data read from "data/corr_uniform_try2_0.2"
        format = z
        #datapoints = 5
        residuals are weighted equally (unit weight)

function used for fitting: f(x)
	f(x) = m * x + c
BREAK: Need via and either parameter list or file

*******************************************************************************
Thu Dec 29 20:41:25 2022


FIT:    data read from "data/corr_uniform_try2_0.2"
        format = z
        #datapoints = 5
        residuals are weighted equally (unit weight)

function used for fitting: f(x)
	f(x) = m * x + c
fitted parameters initialized with current variable values

iter      chisq       delta/lim  lambda   m             c            
   0 1.6710125136e+01   0.00e+00  1.02e+00    1.000000e+00   1.000000e+00
   4 4.3450262677e-05  -5.09e-08  1.02e-04    5.540110e-02   1.044225e-01

After 4 iterations the fit converged.
final sum of squares of residuals : 4.34503e-05
rel. change during last iteration : -5.0888e-13

degrees of freedom    (FIT_NDF)                        : 3
rms of residuals      (FIT_STDFIT) = sqrt(WSSR/ndf)    : 0.00380571
variance of residuals (reduced chisquare) = WSSR/ndf   : 1.44834e-05

Final set of parameters            Asymptotic Standard Error
=======================            ==========================
m               = 0.0554011        +/- 0.003378     (6.097%)
c               = 0.104422         +/- 0.003544     (3.394%)

correlation matrix of the fit parameters:
                m      c      
m               1.000 
c              -0.877  1.000 


*******************************************************************************
Thu Dec 29 20:53:26 2022


FIT:    data read from "data/corr_uniform_try2_0.2"
        format = z
        #datapoints = 7
        residuals are weighted equally (unit weight)

function used for fitting: f(x)
	f(x) = m * x + c
fitted parameters initialized with current variable values

iter      chisq       delta/lim  lambda   m             c            
   0 4.1964714752e+01   0.00e+00  1.40e+00    1.000000e+00   1.000000e+00
   4 1.0103274657e-04  -1.01e-03  1.40e-04    5.719030e-02   1.079590e-01

After 4 iterations the fit converged.
final sum of squares of residuals : 0.000101033
rel. change during last iteration : -1.01196e-08

degrees of freedom    (FIT_NDF)                        : 5
rms of residuals      (FIT_STDFIT) = sqrt(WSSR/ndf)    : 0.00449517
variance of residuals (reduced chisquare) = WSSR/ndf   : 2.02065e-05

Final set of parameters            Asymptotic Standard Error
=======================            ==========================
m               = 0.0571903        +/- 0.002489     (4.352%)
c               = 0.107959         +/- 0.004237     (3.925%)

correlation matrix of the fit parameters:
                m      c      
m               1.000 
c              -0.916  1.000 


*******************************************************************************
Thu Dec 29 20:53:36 2022


FIT:    data read from "data/corr_uniform_try2_0.5"
        format = z
        #datapoints = 7
        residuals are weighted equally (unit weight)

function used for fitting: f(x)
	f(x) = m * x + c
fitted parameters initialized with current variable values

iter      chisq       delta/lim  lambda   m             c            
   0 3.2380761886e+00   0.00e+00  1.03e-01    5.719030e-02   1.079590e-01
   4 8.2134244801e-04  -1.14e-05  1.03e-05    1.479549e-01   6.436305e-01

After 4 iterations the fit converged.
final sum of squares of residuals : 0.000821342
rel. change during last iteration : -1.14252e-10

degrees of freedom    (FIT_NDF)                        : 5
rms of residuals      (FIT_STDFIT) = sqrt(WSSR/ndf)    : 0.0128167
variance of residuals (reduced chisquare) = WSSR/ndf   : 0.000164268

Final set of parameters            Asymptotic Standard Error
=======================            ==========================
m               = 0.147955         +/- 0.007097     (4.796%)
c               = 0.643631         +/- 0.01208      (1.877%)

correlation matrix of the fit parameters:
                m      c      
m               1.000 
c              -0.916  1.000 


*******************************************************************************
Thu Dec 29 20:53:45 2022


FIT:    data read from "data/corr_uniform_try2_0.2"
        format = z
        #datapoints = 7
        residuals are weighted equally (unit weight)

function used for fitting: f(x)
	f(x) = m * x + c
fitted parameters initialized with current variable values

iter      chisq       delta/lim  lambda   m             c            
   0 3.2373558789e+00   0.00e+00  4.89e-01    1.479549e-01   6.436305e-01
   4 1.0103274657e-04  -6.24e-04  4.89e-05    5.719030e-02   1.079590e-01

After 4 iterations the fit converged.
final sum of squares of residuals : 0.000101033
rel. change during last iteration : -6.23911e-09

degrees of freedom    (FIT_NDF)                        : 5
rms of residuals      (FIT_STDFIT) = sqrt(WSSR/ndf)    : 0.00449517
variance of residuals (reduced chisquare) = WSSR/ndf   : 2.02065e-05

Final set of parameters            Asymptotic Standard Error
=======================            ==========================
m               = 0.0571903        +/- 0.002489     (4.352%)
c               = 0.107959         +/- 0.004237     (3.925%)

correlation matrix of the fit parameters:
                m      c      
m               1.000 
c              -0.916  1.000 


*******************************************************************************
Thu Dec 29 20:53:47 2022


FIT:    data read from "data/corr_uniform_try2_0.5"
        format = z
        #datapoints = 7
        residuals are weighted equally (unit weight)

function used for fitting: f(x)
	f(x) = m * x + c
fitted parameters initialized with current variable values

iter      chisq       delta/lim  lambda   m             c            
   0 3.2380761886e+00   0.00e+00  1.03e-01    5.719030e-02   1.079590e-01
   4 8.2134244801e-04  -1.14e-05  1.03e-05    1.479549e-01   6.436305e-01

After 4 iterations the fit converged.
final sum of squares of residuals : 0.000821342
rel. change during last iteration : -1.14246e-10

degrees of freedom    (FIT_NDF)                        : 5
rms of residuals      (FIT_STDFIT) = sqrt(WSSR/ndf)    : 0.0128167
variance of residuals (reduced chisquare) = WSSR/ndf   : 0.000164268

Final set of parameters            Asymptotic Standard Error
=======================            ==========================
m               = 0.147955         +/- 0.007097     (4.796%)
c               = 0.643631         +/- 0.01208      (1.877%)

correlation matrix of the fit parameters:
                m      c      
m               1.000 
c              -0.916  1.000 


*******************************************************************************
Thu Dec 29 21:49:09 2022


FIT:    data read from "data/corr_uniform_try2_0.5"
        format = z
        x range restricted to [-0.250000 : 2.25000]
        #datapoints = 7
        residuals are weighted equally (unit weight)

function used for fitting: f(x)
fitted parameters initialized with current variable values



*******************************************************************************
Thu Dec 29 21:49:15 2022


FIT:    data read from "data/corr_uniform_try2_0.5"
        format = z
        x range restricted to [-0.250000 : 2.25000]
        #datapoints = 7
        residuals are weighted equally (unit weight)

function used for fitting: f(x)
	f(x) = m * x + c
fitted parameters initialized with current variable values

iter      chisq       delta/lim  lambda   m             c            
   0 2.2246734717e+01   0.00e+00  1.40e+00    1.000000e+00   1.000000e+00
   4 8.2134244801e-04  -1.43e-05  1.40e-04    1.479549e-01   6.436305e-01

After 4 iterations the fit converged.
final sum of squares of residuals : 0.000821342
rel. change during last iteration : -1.42541e-10

degrees of freedom    (FIT_NDF)                        : 5
rms of residuals      (FIT_STDFIT) = sqrt(WSSR/ndf)    : 0.0128167
variance of residuals (reduced chisquare) = WSSR/ndf   : 0.000164268

Final set of parameters            Asymptotic Standard Error
=======================            ==========================
m               = 0.147955         +/- 0.007097     (4.796%)
c               = 0.643631         +/- 0.01208      (1.877%)

correlation matrix of the fit parameters:
                m      c      
m               1.000 
c              -0.916  1.000 


*******************************************************************************
Thu Dec 29 21:49:21 2022


FIT:    data read from "data/corr_uniform_try2_0.2"
        format = z
        x range restricted to [-0.250000 : 2.25000]
        #datapoints = 7
        residuals are weighted equally (unit weight)

function used for fitting: f(x)
	f(x) = m * x + c
fitted parameters initialized with current variable values

iter      chisq       delta/lim  lambda   m             c            
   0 3.2373558789e+00   0.00e+00  4.89e-01    1.479549e-01   6.436305e-01
   4 1.0103274657e-04  -6.24e-04  4.89e-05    5.719030e-02   1.079590e-01

After 4 iterations the fit converged.
final sum of squares of residuals : 0.000101033
rel. change during last iteration : -6.23911e-09

degrees of freedom    (FIT_NDF)                        : 5
rms of residuals      (FIT_STDFIT) = sqrt(WSSR/ndf)    : 0.00449517
variance of residuals (reduced chisquare) = WSSR/ndf   : 2.02065e-05

Final set of parameters            Asymptotic Standard Error
=======================            ==========================
m               = 0.0571903        +/- 0.002489     (4.352%)
c               = 0.107959         +/- 0.004237     (3.925%)

correlation matrix of the fit parameters:
                m      c      
m               1.000 
c              -0.916  1.000 


*******************************************************************************
Thu Dec 29 21:49:33 2022


FIT:    data read from "data/tmp_data"
        format = z
        x range restricted to [-0.250000 : 2.25000]
        #datapoints = 7
        residuals are weighted equally (unit weight)

function used for fitting: f(x)
	f(x) = m * x + c
fitted parameters initialized with current variable values

iter      chisq       delta/lim  lambda   m             c            
   0 8.8848932274e-04   0.00e+00  1.03e-01    5.719030e-02   1.079590e-01
   4 1.3083158528e-04  -5.24e-08  1.03e-05    6.237692e-02   1.096532e-01

After 4 iterations the fit converged.
final sum of squares of residuals : 0.000130832
rel. change during last iteration : -5.23946e-13

degrees of freedom    (FIT_NDF)                        : 5
rms of residuals      (FIT_STDFIT) = sqrt(WSSR/ndf)    : 0.0051153
variance of residuals (reduced chisquare) = WSSR/ndf   : 2.61663e-05

Final set of parameters            Asymptotic Standard Error
=======================            ==========================
m               = 0.0623769        +/- 0.002832     (4.541%)
c               = 0.109653         +/- 0.004822     (4.397%)

correlation matrix of the fit parameters:
                m      c      
m               1.000 
c              -0.916  1.000 


*******************************************************************************
Thu Dec 29 21:49:35 2022


FIT:    data read from "data/corr_uniform_try2_0.2"
        format = z
        x range restricted to [-0.250000 : 2.25000]
        #datapoints = 7
        residuals are weighted equally (unit weight)

function used for fitting: f(x)
	f(x) = m * x + c
fitted parameters initialized with current variable values

iter      chisq       delta/lim  lambda   m             c            
   0 8.5869048408e-04   0.00e+00  1.08e-01    6.237692e-02   1.096532e-01
   4 1.0103274657e-04  -5.29e-08  1.08e-05    5.719030e-02   1.079590e-01

After 4 iterations the fit converged.
final sum of squares of residuals : 0.000101033
rel. change during last iteration : -5.28914e-13

degrees of freedom    (FIT_NDF)                        : 5
rms of residuals      (FIT_STDFIT) = sqrt(WSSR/ndf)    : 0.00449517
variance of residuals (reduced chisquare) = WSSR/ndf   : 2.02065e-05

Final set of parameters            Asymptotic Standard Error
=======================            ==========================
m               = 0.0571903        +/- 0.002489     (4.352%)
c               = 0.107959         +/- 0.004237     (3.925%)

correlation matrix of the fit parameters:
                m      c      
m               1.000 
c              -0.916  1.000 


*******************************************************************************
Thu Dec 29 21:49:37 2022


FIT:    data read from "data/tmp_data"
        format = z
        x range restricted to [-0.250000 : 2.25000]
        #datapoints = 7
        residuals are weighted equally (unit weight)

function used for fitting: f(x)
	f(x) = m * x + c
fitted parameters initialized with current variable values

iter      chisq       delta/lim  lambda   m             c            
   0 8.8848932279e-04   0.00e+00  1.03e-01    5.719030e-02   1.079590e-01
   4 1.3083158528e-04  -5.25e-08  1.03e-05    6.237692e-02   1.096532e-01

After 4 iterations the fit converged.
final sum of squares of residuals : 0.000130832
rel. change during last iteration : -5.24775e-13

degrees of freedom    (FIT_NDF)                        : 5
rms of residuals      (FIT_STDFIT) = sqrt(WSSR/ndf)    : 0.0051153
variance of residuals (reduced chisquare) = WSSR/ndf   : 2.61663e-05

Final set of parameters            Asymptotic Standard Error
=======================            ==========================
m               = 0.0623769        +/- 0.002832     (4.541%)
c               = 0.109653         +/- 0.004822     (4.397%)

correlation matrix of the fit parameters:
                m      c      
m               1.000 
c              -0.916  1.000 


*******************************************************************************
Thu Dec 29 21:49:37 2022


FIT:    data read from "data/corr_uniform_try2_0.2"
        format = z
        x range restricted to [-0.250000 : 2.25000]
        #datapoints = 7
        residuals are weighted equally (unit weight)

function used for fitting: f(x)
	f(x) = m * x + c
fitted parameters initialized with current variable values

iter      chisq       delta/lim  lambda   m             c            
   0 8.5869048408e-04   0.00e+00  1.08e-01    6.237692e-02   1.096532e-01
   4 1.0103274657e-04  -5.27e-08  1.08e-05    5.719030e-02   1.079590e-01

After 4 iterations the fit converged.
final sum of squares of residuals : 0.000101033
rel. change during last iteration : -5.26902e-13

degrees of freedom    (FIT_NDF)                        : 5
rms of residuals      (FIT_STDFIT) = sqrt(WSSR/ndf)    : 0.00449517
variance of residuals (reduced chisquare) = WSSR/ndf   : 2.02065e-05

Final set of parameters            Asymptotic Standard Error
=======================            ==========================
m               = 0.0571903        +/- 0.002489     (4.352%)
c               = 0.107959         +/- 0.004237     (3.925%)

correlation matrix of the fit parameters:
                m      c      
m               1.000 
c              -0.916  1.000 


*******************************************************************************
Thu Dec 29 21:49:38 2022


FIT:    data read from "data/tmp_data"
        format = z
        x range restricted to [-0.250000 : 2.25000]
        #datapoints = 7
        residuals are weighted equally (unit weight)

function used for fitting: f(x)
	f(x) = m * x + c
fitted parameters initialized with current variable values

iter      chisq       delta/lim  lambda   m             c            
   0 8.8848932279e-04   0.00e+00  1.03e-01    5.719030e-02   1.079590e-01
   4 1.3083158528e-04  -5.23e-08  1.03e-05    6.237692e-02   1.096532e-01

After 4 iterations the fit converged.
final sum of squares of residuals : 0.000130832
rel. change during last iteration : -5.22703e-13

degrees of freedom    (FIT_NDF)                        : 5
rms of residuals      (FIT_STDFIT) = sqrt(WSSR/ndf)    : 0.0051153
variance of residuals (reduced chisquare) = WSSR/ndf   : 2.61663e-05

Final set of parameters            Asymptotic Standard Error
=======================            ==========================
m               = 0.0623769        +/- 0.002832     (4.541%)
c               = 0.109653         +/- 0.004822     (4.397%)

correlation matrix of the fit parameters:
                m      c      
m               1.000 
c              -0.916  1.000 


*******************************************************************************
Thu Dec 29 21:49:39 2022


FIT:    data read from "data/corr_uniform_try2_0.2"
        format = z
        x range restricted to [-0.250000 : 2.25000]
        #datapoints = 7
        residuals are weighted equally (unit weight)

function used for fitting: f(x)
	f(x) = m * x + c
fitted parameters initialized with current variable values

iter      chisq       delta/lim  lambda   m             c            
   0 8.5869048408e-04   0.00e+00  1.08e-01    6.237692e-02   1.096532e-01
   4 1.0103274657e-04  -5.29e-08  1.08e-05    5.719030e-02   1.079590e-01

After 4 iterations the fit converged.
final sum of squares of residuals : 0.000101033
rel. change during last iteration : -5.28646e-13

degrees of freedom    (FIT_NDF)                        : 5
rms of residuals      (FIT_STDFIT) = sqrt(WSSR/ndf)    : 0.00449517
variance of residuals (reduced chisquare) = WSSR/ndf   : 2.02065e-05

Final set of parameters            Asymptotic Standard Error
=======================            ==========================
m               = 0.0571903        +/- 0.002489     (4.352%)
c               = 0.107959         +/- 0.004237     (3.925%)

correlation matrix of the fit parameters:
                m      c      
m               1.000 
c              -0.916  1.000 


*******************************************************************************
Thu Dec 29 21:49:41 2022


FIT:    data read from "data/corr_uniform_try2_0.2"
        format = z
        x range restricted to [-0.250000 : 2.25000]
        #datapoints = 7
        residuals are weighted equally (unit weight)

function used for fitting: f(x)
	f(x) = m * x + c
fitted parameters initialized with current variable values

iter      chisq       delta/lim  lambda   m             c            
   0 1.0103274657e-04   0.00e+00  1.03e-01    5.719030e-02   1.079590e-01
   1 1.0103274657e-04   0.00e+00  1.03e+00    5.719030e-02   1.079590e-01

After 1 iterations the fit converged.
final sum of squares of residuals : 0.000101033
rel. change during last iteration : 0

degrees of freedom    (FIT_NDF)                        : 5
rms of residuals      (FIT_STDFIT) = sqrt(WSSR/ndf)    : 0.00449517
variance of residuals (reduced chisquare) = WSSR/ndf   : 2.02065e-05

Final set of parameters            Asymptotic Standard Error
=======================            ==========================
m               = 0.0571903        +/- 0.002489     (4.352%)
c               = 0.107959         +/- 0.004237     (3.925%)

correlation matrix of the fit parameters:
                m      c      
m               1.000 
c              -0.916  1.000 


*******************************************************************************
Thu Dec 29 21:49:42 2022


FIT:    data read from "data/tmp_data"
        format = z
        x range restricted to [-0.250000 : 2.25000]
        #datapoints = 7
        residuals are weighted equally (unit weight)

function used for fitting: f(x)
	f(x) = m * x + c
fitted parameters initialized with current variable values

iter      chisq       delta/lim  lambda   m             c            
   0 8.8848932279e-04   0.00e+00  1.03e-01    5.719030e-02   1.079590e-01
   4 1.3083158528e-04  -5.20e-08  1.03e-05    6.237692e-02   1.096532e-01

After 4 iterations the fit converged.
final sum of squares of residuals : 0.000130832
rel. change during last iteration : -5.19802e-13

degrees of freedom    (FIT_NDF)                        : 5
rms of residuals      (FIT_STDFIT) = sqrt(WSSR/ndf)    : 0.0051153
variance of residuals (reduced chisquare) = WSSR/ndf   : 2.61663e-05

Final set of parameters            Asymptotic Standard Error
=======================            ==========================
m               = 0.0623769        +/- 0.002832     (4.541%)
c               = 0.109653         +/- 0.004822     (4.397%)

correlation matrix of the fit parameters:
                m      c      
m               1.000 
c              -0.916  1.000 


*******************************************************************************
Thu Dec 29 21:49:42 2022


FIT:    data read from "data/corr_uniform_try2_0.2"
        format = z
        x range restricted to [-0.250000 : 2.25000]
        #datapoints = 7
        residuals are weighted equally (unit weight)

function used for fitting: f(x)
	f(x) = m * x + c
fitted parameters initialized with current variable values

iter      chisq       delta/lim  lambda   m             c            
   0 8.5869048408e-04   0.00e+00  1.08e-01    6.237692e-02   1.096532e-01
   4 1.0103274657e-04  -5.30e-08  1.08e-05    5.719030e-02   1.079590e-01

After 4 iterations the fit converged.
final sum of squares of residuals : 0.000101033
rel. change during last iteration : -5.30389e-13

degrees of freedom    (FIT_NDF)                        : 5
rms of residuals      (FIT_STDFIT) = sqrt(WSSR/ndf)    : 0.00449517
variance of residuals (reduced chisquare) = WSSR/ndf   : 2.02065e-05

Final set of parameters            Asymptotic Standard Error
=======================            ==========================
m               = 0.0571903        +/- 0.002489     (4.352%)
c               = 0.107959         +/- 0.004237     (3.925%)

correlation matrix of the fit parameters:
                m      c      
m               1.000 
c              -0.916  1.000 
